Determining if the pthread_create exist failed with the following output:
Change Dir: /home/maguangyan/桌面/my_slamCode/mch5/joinMap/build/CMakeFiles/CMakeTmp

Run Build Command:"/usr/bin/make" "cmTC_4a2f4/fast"
/usr/bin/make -f CMakeFiles/cmTC_4a2f4.dir/build.make CMakeFiles/cmTC_4a2f4.dir/build
make[1]: 正在进入目录 `/home/maguangyan/桌面/my_slamCode/mch5/joinMap/build/CMakeFiles/CMakeTmp'
Building C object CMakeFiles/cmTC_4a2f4.dir/CheckSymbolExists.c.o
/usr/bin/gcc-4.8     -o CMakeFiles/cmTC_4a2f4.dir/CheckSymbolExists.c.o   -c /home/maguangyan/桌面/my_slamCode/mch5/joinMap/build/CMakeFiles/CMakeTmp/CheckSymbolExists.c
Linking C executable cmTC_4a2f4
/usr/local/bin/cmake -E cmake_link_script CMakeFiles/cmTC_4a2f4.dir/link.txt --verbose=1
/usr/bin/gcc-4.8       CMakeFiles/cmTC_4a2f4.dir/CheckSymbolExists.c.o  -o cmTC_4a2f4 -rdynamic 
CMakeFiles/cmTC_4a2f4.dir/CheckSymbolExists.c.o：在函数‘main’中：
CheckSymbolExists.c:(.text+0x16)：对‘pthread_create’未定义的引用
collect2: error: ld returned 1 exit status
make[1]: *** [cmTC_4a2f4] 错误 1
make[1]:正在离开目录 `/home/maguangyan/桌面/my_slamCode/mch5/joinMap/build/CMakeFiles/CMakeTmp'
make: *** [cmTC_4a2f4/fast] 错误 2

File /home/maguangyan/桌面/my_slamCode/mch5/joinMap/build/CMakeFiles/CMakeTmp/CheckSymbolExists.c:
/* */
#include <pthread.h>

int main(int argc, char** argv)
{
  (void)argv;
#ifndef pthread_create
  return ((int*)(&pthread_create))[argc];
#else
  (void)argc;
  return 0;
#endif
}

Determining if the function pthread_create exists in the pthreads failed with the following output:
Change Dir: /home/maguangyan/桌面/my_slamCode/mch5/joinMap/build/CMakeFiles/CMakeTmp

Run Build Command:"/usr/bin/make" "cmTC_85e2b/fast"
/usr/bin/make -f CMakeFiles/cmTC_85e2b.dir/build.make CMakeFiles/cmTC_85e2b.dir/build
make[1]: 正在进入目录 `/home/maguangyan/桌面/my_slamCode/mch5/joinMap/build/CMakeFiles/CMakeTmp'
Building C object CMakeFiles/cmTC_85e2b.dir/CheckFunctionExists.c.o
/usr/bin/gcc-4.8    -DCHECK_FUNCTION_EXISTS=pthread_create   -o CMakeFiles/cmTC_85e2b.dir/CheckFunctionExists.c.o   -c /usr/local/share/cmake-3.5/Modules/CheckFunctionExists.c
Linking C executable cmTC_85e2b
/usr/local/bin/cmake -E cmake_link_script CMakeFiles/cmTC_85e2b.dir/link.txt --verbose=1
/usr/bin/gcc-4.8   -DCHECK_FUNCTION_EXISTS=pthread_create    CMakeFiles/cmTC_85e2b.dir/CheckFunctionExists.c.o  -o cmTC_85e2b -rdynamic -lpthreads 
/usr/bin/ld: 找不到 -lpthreads
collect2: error: ld returned 1 exit status
make[1]: *** [cmTC_85e2b] 错误 1
make[1]:正在离开目录 `/home/maguangyan/桌面/my_slamCode/mch5/joinMap/build/CMakeFiles/CMakeTmp'
make: *** [cmTC_85e2b/fast] 错误 2


